Using pre-set license
Built from '2022.3/staging' branch; Version is '2022.3.45f1 (a13dfa44d684) revision 10567162'; Using compiler version '192829333'; Build Type 'Release'
OS: 'Windows 11  (10.0.22631) 64bit CoreSingleLanguage' Language: 'en' Physical Memory: 16205 MB
BatchMode: 1, IsHumanControllingUs: 0, StartBugReporterOnCrash: 0, Is64bit: 1, IsPro: 1

COMMAND LINE ARGUMENTS:
D:\UNITYLN\2022.3.45f1\Editor\Unity.exe
-adb2
-batchMode
-noUpm
-name
AssetImportWorker0
-projectPath
D:/Project Unity/Template-City-3D-main
-logFile
Logs/AssetImportWorker0.log
-srvPort
50088
Successfully changed project path to: D:/Project Unity/Template-City-3D-main
D:/Project Unity/Template-City-3D-main
[UnityMemory] Configuration Parameters - Can be set up in boot.config
    "memorysetup-bucket-allocator-granularity=16"
    "memorysetup-bucket-allocator-bucket-count=8"
    "memorysetup-bucket-allocator-block-size=33554432"
    "memorysetup-bucket-allocator-block-count=8"
    "memorysetup-main-allocator-block-size=16777216"
    "memorysetup-thread-allocator-block-size=16777216"
    "memorysetup-gfx-main-allocator-block-size=16777216"
    "memorysetup-gfx-thread-allocator-block-size=16777216"
    "memorysetup-cache-allocator-block-size=4194304"
    "memorysetup-typetree-allocator-block-size=2097152"
    "memorysetup-profiler-bucket-allocator-granularity=16"
    "memorysetup-profiler-bucket-allocator-bucket-count=8"
    "memorysetup-profiler-bucket-allocator-block-size=33554432"
    "memorysetup-profiler-bucket-allocator-block-count=8"
    "memorysetup-profiler-allocator-block-size=16777216"
    "memorysetup-profiler-editor-allocator-block-size=1048576"
    "memorysetup-temp-allocator-size-main=16777216"
    "memorysetup-job-temp-allocator-block-size=2097152"
    "memorysetup-job-temp-allocator-block-size-background=1048576"
    "memorysetup-job-temp-allocator-reduction-small-platforms=262144"
    "memorysetup-allocator-temp-initial-block-size-main=262144"
    "memorysetup-allocator-temp-initial-block-size-worker=262144"
    "memorysetup-temp-allocator-size-background-worker=32768"
    "memorysetup-temp-allocator-size-job-worker=262144"
    "memorysetup-temp-allocator-size-preload-manager=33554432"
    "memorysetup-temp-allocator-size-nav-mesh-worker=65536"
    "memorysetup-temp-allocator-size-audio-worker=65536"
    "memorysetup-temp-allocator-size-cloud-worker=32768"
    "memorysetup-temp-allocator-size-gi-baking-worker=262144"
    "memorysetup-temp-allocator-size-gfx=262144"
Player connection [6440]  Target information:

Player connection [6440]  * "[IP] 192.168.56.1 [Port] 0 [Flags] 2 [Guid] 253686079 [EditorId] 253686079 [Version] 1048832 [Id] WindowsEditor(7,MSI) [Debug] 1 [PackageName] WindowsEditor [ProjectName] Editor" 

Player connection [6440]  * "[IP] 192.168.213.1 [Port] 0 [Flags] 2 [Guid] 253686079 [EditorId] 253686079 [Version] 1048832 [Id] WindowsEditor(7,MSI) [Debug] 1 [PackageName] WindowsEditor [ProjectName] Editor" 

Player connection [6440]  * "[IP] 192.168.241.2 [Port] 0 [Flags] 2 [Guid] 253686079 [EditorId] 253686079 [Version] 1048832 [Id] WindowsEditor(7,MSI) [Debug] 1 [PackageName] WindowsEditor [ProjectName] Editor" 

Player connection [6440]  * "[IP] 192.168.0.196 [Port] 0 [Flags] 2 [Guid] 253686079 [EditorId] 253686079 [Version] 1048832 [Id] WindowsEditor(7,MSI) [Debug] 1 [PackageName] WindowsEditor [ProjectName] Editor" 

Player connection [6440] Host joined multi-casting on [225.0.0.222:54997]...
Player connection [6440] Host joined alternative multi-casting on [225.0.0.222:34997]...
[PhysX] Initialized MultithreadedTaskDispatcher with 12 workers.
Refreshing native plugins compatible for Editor in 8.63 ms, found 3 plugins.
Preloading 0 native plugins for Editor in 0.00 ms.
Initialize engine version: 2022.3.45f1 (a13dfa44d684)
[Subsystems] Discovering subsystems at path D:/UNITYLN/2022.3.45f1/Editor/Data/Resources/UnitySubsystems
[Subsystems] Discovering subsystems at path D:/Project Unity/Template-City-3D-main/Assets
GfxDevice: creating device client; threaded=0; jobified=0
Direct3D:
    Version:  Direct3D 11.0 [level 11.1]
    Renderer: NVIDIA GeForce GTX 1650 Ti (ID=0x1f95)
    Vendor:   NVIDIA
    VRAM:     3935 MB
    Driver:   32.0.15.5599
Initialize mono
Mono path[0] = 'D:/UNITYLN/2022.3.45f1/Editor/Data/Managed'
Mono path[1] = 'D:/UNITYLN/2022.3.45f1/Editor/Data/MonoBleedingEdge/lib/mono/unityjit-win32'
Mono config path = 'D:/UNITYLN/2022.3.45f1/Editor/Data/MonoBleedingEdge/etc'
Using monoOptions --debugger-agent=transport=dt_socket,embedding=1,server=y,suspend=n,address=127.0.0.1:56832
Begin MonoManager ReloadAssembly
Registering precompiled unity dll's ...
Register platform support module: D:/UNITYLN/2022.3.45f1/Editor/Data/PlaybackEngines/AndroidPlayer/UnityEditor.Android.Extensions.dll
Register platform support module: D:/UNITYLN/2022.3.45f1/Editor/Data/PlaybackEngines/WindowsStandaloneSupport/UnityEditor.WindowsStandalone.Extensions.dll
Registered in 0.003672 seconds.
- Loaded All Assemblies, in  0.426 seconds
Native extension for WindowsStandalone target not found
Native extension for Android target not found
Android Extension - Scanning For ADB Devices 233 ms
Mono: successfully reloaded assembly
- Finished resetting the current domain, in  0.591 seconds
Domain Reload Profiling: 1017ms
	BeginReloadAssembly (142ms)
		ExecutionOrderSort (0ms)
		DisableScriptedObjects (0ms)
		BackupInstance (0ms)
		ReleaseScriptingObjects (0ms)
		CreateAndSetChildDomain (1ms)
	RebuildCommonClasses (36ms)
	RebuildNativeTypeToScriptingClass (12ms)
	initialDomainReloadingComplete (52ms)
	LoadAllAssembliesAndSetupDomain (183ms)
		LoadAssemblies (143ms)
		RebuildTransferFunctionScriptingTraits (0ms)
		AnalyzeDomain (179ms)
			TypeCache.Refresh (177ms)
				TypeCache.ScanAssembly (160ms)
			ScanForSourceGeneratedMonoScriptInfo (1ms)
			ResolveRequiredComponents (1ms)
	FinalizeReload (592ms)
		ReleaseScriptCaches (0ms)
		RebuildScriptCaches (0ms)
		SetupLoadedEditorAssemblies (528ms)
			LogAssemblyErrors (0ms)
			InitializePlatformSupportModulesInManaged (317ms)
			SetLoadedEditorAssemblies (7ms)
			RefreshPlugins (0ms)
			BeforeProcessingInitializeOnLoad (4ms)
			ProcessInitializeOnLoadAttributes (148ms)
			ProcessInitializeOnLoadMethodAttributes (51ms)
			AfterProcessingInitializeOnLoad (0ms)
			EditorAssembliesLoaded (0ms)
		ExecutionOrderSort2 (0ms)
		AwakeInstancesAfterBackupRestoration (0ms)
========================================================================
Worker process is ready to serve import requests
Caller must complete domain reload
Begin MonoManager ReloadAssembly
- Loaded All Assemblies, in  0.739 seconds
Native extension for WindowsStandalone target not found
Native extension for Android target not found
Package Manager log level set to [2]
[Package Manager] Server::EnsureServerProcessIsRunning -- launch failed, reason: Unity was launched with the -noUpm command-line argument
[Package Manager] UpmClient::Send -- Unable to send message (not connected to UPM process).
[Package Manager] Cannot connect to Unity Package Manager local server
Mono: successfully reloaded assembly
- Finished resetting the current domain, in  0.658 seconds
Domain Reload Profiling: 1397ms
	BeginReloadAssembly (177ms)
		ExecutionOrderSort (0ms)
		DisableScriptedObjects (6ms)
		BackupInstance (0ms)
		ReleaseScriptingObjects (0ms)
		CreateAndSetChildDomain (23ms)
	RebuildCommonClasses (49ms)
	RebuildNativeTypeToScriptingClass (13ms)
	initialDomainReloadingComplete (39ms)
	LoadAllAssembliesAndSetupDomain (462ms)
		LoadAssemblies (345ms)
		RebuildTransferFunctionScriptingTraits (0ms)
		AnalyzeDomain (228ms)
			TypeCache.Refresh (200ms)
				TypeCache.ScanAssembly (177ms)
			ScanForSourceGeneratedMonoScriptInfo (19ms)
			ResolveRequiredComponents (7ms)
	FinalizeReload (658ms)
		ReleaseScriptCaches (0ms)
		RebuildScriptCaches (0ms)
		SetupLoadedEditorAssemblies (485ms)
			LogAssemblyErrors (0ms)
			InitializePlatformSupportModulesInManaged (17ms)
			SetLoadedEditorAssemblies (4ms)
			RefreshPlugins (0ms)
			BeforeProcessingInitializeOnLoad (58ms)
			ProcessInitializeOnLoadAttributes (378ms)
			ProcessInitializeOnLoadMethodAttributes (26ms)
			AfterProcessingInitializeOnLoad (2ms)
			EditorAssembliesLoaded (0ms)
		ExecutionOrderSort2 (0ms)
		AwakeInstancesAfterBackupRestoration (7ms)
Launched and connected shader compiler UnityShaderCompiler.exe after 0.04 seconds
Refreshing native plugins compatible for Editor in 3.18 ms, found 3 plugins.
Preloading 0 native plugins for Editor in 0.00 ms.
Unloading 3465 Unused Serialized files (Serialized files now loaded: 0)
Unloading 20 unused Assets / (103.8 KB). Loaded Objects now: 3940.
Memory consumption went from 133.6 MB to 133.5 MB.
Total: 4.826800 ms (FindLiveObjects: 0.467700 ms CreateObjectMapping: 0.422400 ms MarkObjects: 3.774900 ms  DeleteObjects: 0.159900 ms)

AssetImportParameters requested are different than current active one (requested -> active):
  custom:container-demuxer-ogg: 62fdf1f143b41e24485cea50d1cbac27 -> 
  custom:video-decoder-ogg-theora: a1e56fd34408186e4bbccfd4996cb3dc -> 
  custom:framework-win-MediaFoundation: 216162199b28c13a410421893ffa2e32 -> 
  custom:CustomObjectIndexerAttribute: 9a22284fe3817be447336de3de66b15e -> 
  custom:container-demuxer-webm: 4f35f7cbe854078d1ac9338744f61a02 -> 
  custom:container-muxer-webm: aa71ff27fc2769a1b78a27578f13a17b -> 
  custom:video-decoder-webm-vp8: 9c59270c3fd7afecdb556c50c9e8de78 -> 
  custom:SearchIndexIgnoredProperties: e643bd26f0fe6173181afceb89e7c659 -> 
  custom:AudioImporter_EditorPlatform: d09bf68614088b80899f8185d706f6e7 -> 
  custom:video-encoder-webm-vp8: eb34c28f22e8b96e1ab97ce403110664 -> 
  custom:audio-decoder-ogg-vorbis: bf7c407c2cedff20999df2af8eb42d56 -> 
  custom:audio-encoder-webm-vorbis: bf7c407c2cedff20999df2af8eb42d56 -> 
========================================================================
Received Import Request.
  Time since last request: 317.510624 seconds.
  path: Assets/Sample City/Scene/Day/Lightmap-16_comp_light.exr
  artifactKey: Guid(c2bb9e39536a15c4a9d7e4c75ef03453) Importer(815301076,1909f56bfc062723c751e8b465ee728b)
Start importing Assets/Sample City/Scene/Day/Lightmap-16_comp_light.exr using Guid(c2bb9e39536a15c4a9d7e4c75ef03453) Importer(815301076,1909f56bfc062723c751e8b465ee728b) [PhysX] Initialized MultithreadedTaskDispatcher with 12 workers.
[PhysX] Initialized MultithreadedTaskDispatcher with 12 workers.
 -> (artifact id: '0c0af856d5d395de35cf34b1c39eb457') in 0.086972 seconds
Number of updated asset objects reloaded before import = 0
Number of asset objects unloaded after import = 2
========================================================================
Received Import Request.
  Time since last request: 0.000040 seconds.
  path: Assets/Sample City/Scene/Day/Lightmap-17_comp_light.exr
  artifactKey: Guid(b96a82c10386a4a45acffa9f3769bad1) Importer(815301076,1909f56bfc062723c751e8b465ee728b)
Start importing Assets/Sample City/Scene/Day/Lightmap-17_comp_light.exr using Guid(b96a82c10386a4a45acffa9f3769bad1) Importer(815301076,1909f56bfc062723c751e8b465ee728b) [PhysX] Initialized MultithreadedTaskDispatcher with 12 workers.
[PhysX] Initialized MultithreadedTaskDispatcher with 12 workers.
 -> (artifact id: 'b22814596771758b5abe28bb5e3c661b') in 0.022149 seconds
Number of updated asset objects reloaded before import = 0
Number of asset objects unloaded after import = 2
========================================================================
Received Import Request.
  Time since last request: 0.000025 seconds.
  path: Assets/Sample City/Scene/Day/Lightmap-18_comp_light.exr
  artifactKey: Guid(94cc128abdf3af949892f98fd5ddca20) Importer(815301076,1909f56bfc062723c751e8b465ee728b)
Start importing Assets/Sample City/Scene/Day/Lightmap-18_comp_light.exr using Guid(94cc128abdf3af949892f98fd5ddca20) Importer(815301076,1909f56bfc062723c751e8b465ee728b) [PhysX] Initialized MultithreadedTaskDispatcher with 12 workers.
[PhysX] Initialized MultithreadedTaskDispatcher with 12 workers.
 -> (artifact id: 'ef8bfc602738a12173088681d7cbf196') in 0.015412 seconds
Number of updated asset objects reloaded before import = 0
Number of asset objects unloaded after import = 2
========================================================================
Received Import Request.
  Time since last request: 0.000102 seconds.
  path: Assets/Sample City/Scene/Day/Lightmap-18_comp_dir.png
  artifactKey: Guid(1138482d848e0d44ebb007c3db51dc92) Importer(815301076,1909f56bfc062723c751e8b465ee728b)
Start importing Assets/Sample City/Scene/Day/Lightmap-18_comp_dir.png using Guid(1138482d848e0d44ebb007c3db51dc92) Importer(815301076,1909f56bfc062723c751e8b465ee728b) [PhysX] Initialized MultithreadedTaskDispatcher with 12 workers.
[PhysX] Initialized MultithreadedTaskDispatcher with 12 workers.
 -> (artifact id: '1ed7529ed3643cf867e35a45ef1789af') in 0.019862 seconds
Number of updated asset objects reloaded before import = 0
Number of asset objects unloaded after import = 2
========================================================================
Received Import Request.
  Time since last request: 0.000019 seconds.
  path: Assets/Sample City/Scene/Day/Lightmap-15_comp_dir.png
  artifactKey: Guid(4ebdfb7feb42c664892dedbdbe9f5b66) Importer(815301076,1909f56bfc062723c751e8b465ee728b)
Start importing Assets/Sample City/Scene/Day/Lightmap-15_comp_dir.png using Guid(4ebdfb7feb42c664892dedbdbe9f5b66) Importer(815301076,1909f56bfc062723c751e8b465ee728b) [PhysX] Initialized MultithreadedTaskDispatcher with 12 workers.
[PhysX] Initialized MultithreadedTaskDispatcher with 12 workers.
 -> (artifact id: 'e306538b8dc2ba36e1e8adc3bd69e3aa') in 0.017496 seconds
Number of updated asset objects reloaded before import = 0
Number of asset objects unloaded after import = 2
========================================================================
Received Import Request.
  Time since last request: 0.000015 seconds.
  path: Assets/Sample City/Scene/Day/Lightmap-19_comp_light.exr
  artifactKey: Guid(874134dc40316574ebc19d9d9f28767e) Importer(815301076,1909f56bfc062723c751e8b465ee728b)
Start importing Assets/Sample City/Scene/Day/Lightmap-19_comp_light.exr using Guid(874134dc40316574ebc19d9d9f28767e) Importer(815301076,1909f56bfc062723c751e8b465ee728b) [PhysX] Initialized MultithreadedTaskDispatcher with 12 workers.
[PhysX] Initialized MultithreadedTaskDispatcher with 12 workers.
 -> (artifact id: '2b2709aaf222f919432b379fe8f3d546') in 0.017249 seconds
Number of updated asset objects reloaded before import = 0
Number of asset objects unloaded after import = 2
========================================================================
Received Import Request.
  Time since last request: 0.434542 seconds.
  path: Assets/Sample City/Scene/Day/Lightmap-12_comp_dir.png
  artifactKey: Guid(8d08a8dd23686354f9c47b7657132b7c) Importer(815301076,1909f56bfc062723c751e8b465ee728b)
Start importing Assets/Sample City/Scene/Day/Lightmap-12_comp_dir.png using Guid(8d08a8dd23686354f9c47b7657132b7c) Importer(815301076,1909f56bfc062723c751e8b465ee728b) [PhysX] Initialized MultithreadedTaskDispatcher with 12 workers.
[PhysX] Initialized MultithreadedTaskDispatcher with 12 workers.
 -> (artifact id: '6707c52e1d2ddc7870454892ae5846e7') in 0.017389 seconds
Number of updated asset objects reloaded before import = 0
Number of asset objects unloaded after import = 2
========================================================================
Received Import Request.
  Time since last request: 0.000021 seconds.
  path: Assets/Sample City/Scene/Day/Lightmap-14_comp_dir.png
  artifactKey: Guid(18329f9d3f26b9d42a9eede7c8bf1ec9) Importer(815301076,1909f56bfc062723c751e8b465ee728b)
Start importing Assets/Sample City/Scene/Day/Lightmap-14_comp_dir.png using Guid(18329f9d3f26b9d42a9eede7c8bf1ec9) Importer(815301076,1909f56bfc062723c751e8b465ee728b) [PhysX] Initialized MultithreadedTaskDispatcher with 12 workers.
[PhysX] Initialized MultithreadedTaskDispatcher with 12 workers.
 -> (artifact id: '23a0e81c235e2daf848039946b88a04e') in 0.016097 seconds
Number of updated asset objects reloaded before import = 0
Number of asset objects unloaded after import = 2
========================================================================
Received Import Request.
  Time since last request: 0.000021 seconds.
  path: Assets/Sample City/Scene/Day/Lightmap-13_comp_dir.png
  artifactKey: Guid(ef7f6f390bb34e94190cc34c147f7b8d) Importer(815301076,1909f56bfc062723c751e8b465ee728b)
Start importing Assets/Sample City/Scene/Day/Lightmap-13_comp_dir.png using Guid(ef7f6f390bb34e94190cc34c147f7b8d) Importer(815301076,1909f56bfc062723c751e8b465ee728b) [PhysX] Initialized MultithreadedTaskDispatcher with 12 workers.
[PhysX] Initialized MultithreadedTaskDispatcher with 12 workers.
 -> (artifact id: 'fd636ba1eea998dcf2ef5e6d1ac72b08') in 0.019698 seconds
Number of updated asset objects reloaded before import = 0
Number of asset objects unloaded after import = 2
========================================================================
Received Import Request.
  Time since last request: 0.018889 seconds.
  path: Assets/Sample City/Scene/Day/Lightmap-8_comp_dir.png
  artifactKey: Guid(64240c88f3164b1468ba75265b25120f) Importer(815301076,1909f56bfc062723c751e8b465ee728b)
Start importing Assets/Sample City/Scene/Day/Lightmap-8_comp_dir.png using Guid(64240c88f3164b1468ba75265b25120f) Importer(815301076,1909f56bfc062723c751e8b465ee728b) [PhysX] Initialized MultithreadedTaskDispatcher with 12 workers.
[PhysX] Initialized MultithreadedTaskDispatcher with 12 workers.
 -> (artifact id: '8a88f1a4aac09abe640aac3f34a82954') in 0.016536 seconds
Number of updated asset objects reloaded before import = 0
Number of asset objects unloaded after import = 2
========================================================================
Received Import Request.
  Time since last request: 0.000033 seconds.
  path: Assets/Sample City/Scene/Day/Lightmap-10_comp_dir.png
  artifactKey: Guid(fbd1184a9a0d7fd439764ca4f5b86239) Importer(815301076,1909f56bfc062723c751e8b465ee728b)
Start importing Assets/Sample City/Scene/Day/Lightmap-10_comp_dir.png using Guid(fbd1184a9a0d7fd439764ca4f5b86239) Importer(815301076,1909f56bfc062723c751e8b465ee728b) [PhysX] Initialized MultithreadedTaskDispatcher with 12 workers.
[PhysX] Initialized MultithreadedTaskDispatcher with 12 workers.
 -> (artifact id: 'a01cc94636fe6834718eedb9a9b931ce') in 0.016639 seconds
Number of updated asset objects reloaded before import = 0
Number of asset objects unloaded after import = 2
========================================================================
Received Import Request.
  Time since last request: 0.000023 seconds.
  path: Assets/Sample City/Scene/Day/Lightmap-9_comp_dir.png
  artifactKey: Guid(10ab46e06a35bfc448279a26c3c1e07e) Importer(815301076,1909f56bfc062723c751e8b465ee728b)
Start importing Assets/Sample City/Scene/Day/Lightmap-9_comp_dir.png using Guid(10ab46e06a35bfc448279a26c3c1e07e) Importer(815301076,1909f56bfc062723c751e8b465ee728b) [PhysX] Initialized MultithreadedTaskDispatcher with 12 workers.
[PhysX] Initialized MultithreadedTaskDispatcher with 12 workers.
 -> (artifact id: 'ae7e491f667a3321a50b265b52611bba') in 0.015275 seconds
Number of updated asset objects reloaded before import = 0
Number of asset objects unloaded after import = 2
========================================================================
Received Import Request.
  Time since last request: 1.077753 seconds.
  path: Assets/Sample City/Scene/Day/Lightmap-6_comp_dir.png
  artifactKey: Guid(006520e1966218f439c3f309d8bd56d4) Importer(815301076,1909f56bfc062723c751e8b465ee728b)
Start importing Assets/Sample City/Scene/Day/Lightmap-6_comp_dir.png using Guid(006520e1966218f439c3f309d8bd56d4) Importer(815301076,1909f56bfc062723c751e8b465ee728b) [PhysX] Initialized MultithreadedTaskDispatcher with 12 workers.
[PhysX] Initialized MultithreadedTaskDispatcher with 12 workers.
 -> (artifact id: '2baa97339745ce0baf7b148e19078c40') in 0.008812 seconds
Number of updated asset objects reloaded before import = 0
Number of asset objects unloaded after import = 2
========================================================================
Received Import Request.
  Time since last request: 0.055689 seconds.
  path: Assets/Sample City/Scene/Day/Lightmap-4_comp_dir.png
  artifactKey: Guid(2352d000507786148aafaf0253e35318) Importer(815301076,1909f56bfc062723c751e8b465ee728b)
Start importing Assets/Sample City/Scene/Day/Lightmap-4_comp_dir.png using Guid(2352d000507786148aafaf0253e35318) Importer(815301076,1909f56bfc062723c751e8b465ee728b) [PhysX] Initialized MultithreadedTaskDispatcher with 12 workers.
[PhysX] Initialized MultithreadedTaskDispatcher with 12 workers.
 -> (artifact id: 'a8cf142f8d683465bd01eacdb379ad2b') in 0.032339 seconds
Number of updated asset objects reloaded before import = 0
Number of asset objects unloaded after import = 2
========================================================================
Received Import Request.
  Time since last request: 0.226398 seconds.
  path: Assets/Sample City/Scene/Day/Lightmap-2_comp_dir.png
  artifactKey: Guid(5a10fc9cda59f7a40b2b9ee25abdcc39) Importer(815301076,1909f56bfc062723c751e8b465ee728b)
Start importing Assets/Sample City/Scene/Day/Lightmap-2_comp_dir.png using Guid(5a10fc9cda59f7a40b2b9ee25abdcc39) Importer(815301076,1909f56bfc062723c751e8b465ee728b) [PhysX] Initialized MultithreadedTaskDispatcher with 12 workers.
[PhysX] Initialized MultithreadedTaskDispatcher with 12 workers.
 -> (artifact id: 'af72e967e33a3bd6364a285851ad86f7') in 0.019526 seconds
Number of updated asset objects reloaded before import = 0
Number of asset objects unloaded after import = 2
========================================================================
Received Import Request.
  Time since last request: 0.033542 seconds.
  path: Assets/Sample City/Scene/Day/Lightmap-0_comp_light.exr
  artifactKey: Guid(5b5cad3fa4093374ab3c14a52aac1801) Importer(815301076,1909f56bfc062723c751e8b465ee728b)
Start importing Assets/Sample City/Scene/Day/Lightmap-0_comp_light.exr using Guid(5b5cad3fa4093374ab3c14a52aac1801) Importer(815301076,1909f56bfc062723c751e8b465ee728b) [PhysX] Initialized MultithreadedTaskDispatcher with 12 workers.
[PhysX] Initialized MultithreadedTaskDispatcher with 12 workers.
 -> (artifact id: '4335938b7abcfea446c2cf43b0210131') in 0.019635 seconds
Number of updated asset objects reloaded before import = 0
Number of asset objects unloaded after import = 2
========================================================================
Received Import Request.
  Time since last request: 5744.302988 seconds.
  path: Assets/Sample City/Scene/Day/Lightmap-0_comp_dir.png
  artifactKey: Guid(1963484fa7701b84cb81d528c366627a) Importer(815301076,1909f56bfc062723c751e8b465ee728b)
Start importing Assets/Sample City/Scene/Day/Lightmap-0_comp_dir.png using Guid(1963484fa7701b84cb81d528c366627a) Importer(815301076,1909f56bfc062723c751e8b465ee728b) [PhysX] Initialized MultithreadedTaskDispatcher with 12 workers.
[PhysX] Initialized MultithreadedTaskDispatcher with 12 workers.
 -> (artifact id: 'e835a595c45ed57abee00b1642e5633f') in 0.365382 seconds
Number of updated asset objects reloaded before import = 0
Number of asset objects unloaded after import = 2
========================================================================
Received Import Request.
  Time since last request: 0.000913 seconds.
  path: Assets/Sample City/Scene/Day/Lightmap-2_comp_dir.png
  artifactKey: Guid(5a10fc9cda59f7a40b2b9ee25abdcc39) Importer(815301076,1909f56bfc062723c751e8b465ee728b)
Start importing Assets/Sample City/Scene/Day/Lightmap-2_comp_dir.png using Guid(5a10fc9cda59f7a40b2b9ee25abdcc39) Importer(815301076,1909f56bfc062723c751e8b465ee728b) [PhysX] Initialized MultithreadedTaskDispatcher with 12 workers.
[PhysX] Initialized MultithreadedTaskDispatcher with 12 workers.
 -> (artifact id: '7701724362fbeb9f93acf13b0197e364') in 0.198015 seconds
Number of updated asset objects reloaded before import = 0
Number of asset objects unloaded after import = 2
========================================================================
Received Import Request.
  Time since last request: 0.001461 seconds.
  path: Assets/Sample City/Scene/Day/Lightmap-0_comp_light.exr
  artifactKey: Guid(5b5cad3fa4093374ab3c14a52aac1801) Importer(815301076,1909f56bfc062723c751e8b465ee728b)
Start importing Assets/Sample City/Scene/Day/Lightmap-0_comp_light.exr using Guid(5b5cad3fa4093374ab3c14a52aac1801) Importer(815301076,1909f56bfc062723c751e8b465ee728b) [PhysX] Initialized MultithreadedTaskDispatcher with 12 workers.
[PhysX] Initialized MultithreadedTaskDispatcher with 12 workers.
 -> (artifact id: '72a0ba425159bd6f641618fba6258a84') in 0.050082 seconds
Number of updated asset objects reloaded before import = 0
Number of asset objects unloaded after import = 2
========================================================================
Received Import Request.
  Time since last request: 0.000031 seconds.
  path: Assets/Sample City/Scene/Day/Lightmap-3_comp_light.exr
  artifactKey: Guid(8ade722d651ff9d429ff3877b05494c0) Importer(815301076,1909f56bfc062723c751e8b465ee728b)
Start importing Assets/Sample City/Scene/Day/Lightmap-3_comp_light.exr using Guid(8ade722d651ff9d429ff3877b05494c0) Importer(815301076,1909f56bfc062723c751e8b465ee728b) [PhysX] Initialized MultithreadedTaskDispatcher with 12 workers.
[PhysX] Initialized MultithreadedTaskDispatcher with 12 workers.
 -> (artifact id: 'b1758487153a55e2adce982764263852') in 0.026151 seconds
Number of updated asset objects reloaded before import = 0
Number of asset objects unloaded after import = 2
========================================================================
Received Import Request.
  Time since last request: 2375.627806 seconds.
  path: Assets/Sample City/Scene/Day/LightingData.asset
  artifactKey: Guid(70f2faa142e1f7c4b82fbd478dbb0996) Importer(815301076,1909f56bfc062723c751e8b465ee728b)
Start importing Assets/Sample City/Scene/Day/LightingData.asset using Guid(70f2faa142e1f7c4b82fbd478dbb0996) Importer(815301076,1909f56bfc062723c751e8b465ee728b) [PhysX] Initialized MultithreadedTaskDispatcher with 12 workers.
 -> (artifact id: '6bd2d5d9935aa447cc1445a7ab326f38') in 0.041296 seconds
Number of updated asset objects reloaded before import = 0
Number of asset objects unloaded after import = 1
========================================================================
Received Import Request.
  Time since last request: 0.000262 seconds.
  path: Assets/Sample City/Scene/Day/Lightmap-0_comp_light.exr
  artifactKey: Guid(5b5cad3fa4093374ab3c14a52aac1801) Importer(815301076,1909f56bfc062723c751e8b465ee728b)
Start importing Assets/Sample City/Scene/Day/Lightmap-0_comp_light.exr using Guid(5b5cad3fa4093374ab3c14a52aac1801) Importer(815301076,1909f56bfc062723c751e8b465ee728b) [PhysX] Initialized MultithreadedTaskDispatcher with 12 workers.
[PhysX] Initialized MultithreadedTaskDispatcher with 12 workers.
 -> (artifact id: '259fc863c4d25e6b216bff68ada226d2') in 0.149179 seconds
Number of updated asset objects reloaded before import = 0
Number of asset objects unloaded after import = 2
